[22:02:53,466][WARNING][main][G] Ignite work directory is not provided, automatically resolved to: D:\RVIP3\ComputeNode\ComputeNode.Main\bin\Debug\net6.0\ignite\work
[22:02:53,586][INFO][main][IgniteKernal] 

>>>    __________  ________________  
>>>   /  _/ ___/ |/ /  _/_  __/ __/  
>>>  _/ // (7 7    // /  / / / _/    
>>> /___/\___/_/|_/___/ /_/ /___/   
>>> 
>>> ver. 2.14.0#20220929-sha1:951e8deb
>>> 2022 Copyright(C) Apache Software Foundation
>>> 
>>> Ignite documentation: https://ignite.apache.org

[22:02:53,588][INFO][main][IgniteKernal] Config URL: n/a
[22:02:53,611][INFO][main][IgniteKernal] IgniteConfiguration [igniteInstanceName=null, pubPoolSize=16, svcPoolSize=16, callbackPoolSize=16, stripedPoolSize=16, sysPoolSize=16, mgmtPoolSize=4, dataStreamerPoolSize=16, utilityCachePoolSize=16, utilityCacheKeepAliveTime=60000, p2pPoolSize=2, qryPoolSize=16, buildIdxPoolSize=4, igniteHome=null, igniteWorkDir=D:\RVIP3\ComputeNode\ComputeNode.Main\bin\Debug\net6.0\ignite\work, mbeanSrv=com.sun.jmx.mbeanserver.JmxMBeanServer@27808f31, nodeId=c10266ff-148e-402b-84d9-9c607e57b799, marsh=BinaryMarshaller [], marshLocJobs=false, daemon=false, p2pEnabled=false, netTimeout=5000, netCompressionLevel=1, sndRetryDelay=1000, sndRetryCnt=3, metricsHistSize=10000, metricsUpdateFreq=2000, metricsExpTime=9223372036854775807, discoSpi=TcpDiscoverySpi [addrRslvr=null, addressFilter=null, sockTimeout=5000, ackTimeout=5000, marsh=null, reconCnt=10, reconDelay=2000, maxAckTimeout=600000, soLinger=0, forceSrvMode=false, clientReconnectDisabled=false, internalLsnr=null, skipAddrsRandomization=false], segPlc=STOP, segResolveAttempts=2, waitForSegOnStart=true, allResolversPassReq=true, segChkFreq=10000, commSpi=TcpCommunicationSpi [connectGate=org.apache.ignite.spi.communication.tcp.internal.ConnectGateway@5d47c63f, ctxInitLatch=java.util.concurrent.CountDownLatch@5ea434c8[Count = 1], stopping=false, clientPool=null, nioSrvWrapper=null, stateProvider=null], evtSpi=org.apache.ignite.spi.eventstorage.NoopEventStorageSpi@3bbc39f8, colSpi=NoopCollisionSpi [], deploySpi=LocalDeploymentSpi [], indexingSpi=org.apache.ignite.spi.indexing.noop.NoopIndexingSpi@8e0379d, addrRslvr=null, encryptionSpi=org.apache.ignite.spi.encryption.noop.NoopEncryptionSpi@341b80b2, tracingSpi=org.apache.ignite.spi.tracing.NoopTracingSpi@55a1c291, clientMode=false, rebalanceThreadPoolSize=4, rebalanceTimeout=10000, rebalanceBatchesPrefetchCnt=3, rebalanceThrottle=0, rebalanceBatchSize=524288, txCfg=TransactionConfiguration [txSerEnabled=false, dfltIsolation=REPEATABLE_READ, dfltConcurrency=PESSIMISTIC, dfltTxTimeout=0, txTimeoutOnPartitionMapExchange=0, deadlockTimeout=10000, pessimisticTxLogSize=0, pessimisticTxLogLinger=10000, tmLookupClsName=null, txManagerFactory=null, useJtaSync=false], cacheSanityCheckEnabled=true, discoStartupDelay=60000, deployMode=SHARED, p2pMissedCacheSize=100, locHost=null, timeSrvPortBase=31100, timeSrvPortRange=100, failureDetectionTimeout=10000, sysWorkerBlockedTimeout=null, clientFailureDetectionTimeout=30000, metricsLogFreq=60000, connectorCfg=ConnectorConfiguration [jettyPath=null, host=null, port=11211, noDelay=true, directBuf=false, sndBufSize=32768, rcvBufSize=32768, idleQryCurTimeout=600000, idleQryCurCheckFreq=60000, sndQueueLimit=0, selectorCnt=4, idleTimeout=7000, sslEnabled=false, sslClientAuth=false, sslCtxFactory=null, sslFactory=null, portRange=100, threadPoolSize=16, msgInterceptor=null], odbcCfg=null, warmupClos=null, atomicCfg=AtomicConfiguration [seqReserveSize=1000, cacheMode=PARTITIONED, backups=1, aff=null, grpName=null], classLdr=null, sslCtxFactory=null, platformCfg=PlatformDotNetConfiguration [binaryCfg=null], binaryCfg=null, memCfg=null, pstCfg=null, dsCfg=DataStorageConfiguration [pageSize=0, concLvl=0, sysDataRegConf=org.apache.ignite.configuration.SystemDataRegionConfiguration@5762806e, dfltDataRegConf=DataRegionConfiguration [name=default, maxSize=3425160396, initSize=268435456, swapPath=null, pageEvictionMode=DISABLED, pageReplacementMode=CLOCK, evictionThreshold=0.9, emptyPagesPoolSize=100, metricsEnabled=false, metricsSubIntervalCount=5, metricsRateTimeInterval=60000, persistenceEnabled=false, checkpointPageBufSize=0, lazyMemoryAllocation=true, warmUpCfg=null, memoryAllocator=null, cdcEnabled=false], dataRegions=null, storagePath=null, checkpointFreq=180000, lockWaitTime=10000, checkpointThreads=4, checkpointWriteOrder=SEQUENTIAL, walHistSize=20, maxWalArchiveSize=1073741824, walSegments=10, walSegmentSize=67108864, walPath=db/wal, walArchivePath=db/wal/archive, cdcWalPath=db/wal/cdc, metricsEnabled=false, walMode=LOG_ONLY, walTlbSize=131072, walBuffSize=0, walFlushFreq=2000, walFsyncDelay=1000, walRecordIterBuffSize=67108864, alwaysWriteFullPages=false, fileIOFactory=org.apache.ignite.internal.processors.cache.persistence.file.AsyncFileIOFactory@2d9d4f9d, metricsSubIntervalCnt=5, metricsRateTimeInterval=60000, walAutoArchiveAfterInactivity=-1, walForceArchiveTimeout=-1, writeThrottlingEnabled=false, walCompactionEnabled=false, walCompactionLevel=1, checkpointReadLockTimeout=null, walPageCompression=DISABLED, walPageCompressionLevel=null, dfltWarmUpCfg=null, encCfg=org.apache.ignite.configuration.EncryptionConfiguration@e50a6f6, defragmentationThreadPoolSize=4, minWalArchiveSize=-1, memoryAllocator=null], snapshotPath=snapshots, snapshotThreadPoolSize=4, activeOnStart=true, activeOnStartPropSetFlag=false, autoActivation=true, autoActivationPropSetFlag=false, clusterStateOnStart=null, sqlConnCfg=null, cliConnCfg=ClientConnectorConfiguration [host=null, port=10800, portRange=100, sockSndBufSize=0, sockRcvBufSize=0, tcpNoDelay=true, maxOpenCursorsPerConn=128, threadPoolSize=16, selectorCnt=8, idleTimeout=0, handshakeTimeout=10000, jdbcEnabled=true, odbcEnabled=true, thinCliEnabled=true, sslEnabled=false, useIgniteSslCtxFactory=true, sslClientAuth=false, sslCtxFactory=null, thinCliCfg=ThinClientConfiguration [maxActiveTxPerConn=100, maxActiveComputeTasksPerConn=0, sendServerExcStackTraceToClient=false]], mvccVacuumThreadCnt=2, mvccVacuumFreq=5000, authEnabled=false, failureHnd=null, commFailureRslvr=null, sqlCfg=SqlConfiguration [longQryWarnTimeout=3000, dfltQryTimeout=0, sqlQryHistSize=1000, validationEnabled=false], asyncContinuationExecutor=null]
[22:02:53,623][INFO][main][IgniteKernal] Daemon mode: off
[22:02:53,624][INFO][main][IgniteKernal] OS: Windows 10 10.0 amd64
[22:02:53,625][INFO][main][IgniteKernal] OS user: Тимофей
[22:02:53,631][INFO][main][IgniteKernal] PID: 4260
[22:02:53,631][INFO][main][IgniteKernal] Language runtime: Java Platform API Specification ver. 1.8
[22:02:53,631][INFO][main][IgniteKernal] VM information: Java(TM) SE Runtime Environment 1.8.0_231-b11 Oracle Corporation Java HotSpot(TM) 64-Bit Server VM 25.231-b11
[22:02:53,632][INFO][main][IgniteKernal] VM total memory: 3.5GB
[22:02:53,632][INFO][main][IgniteKernal] Remote Management [restart: off, REST: on, JMX (remote: off)]
[22:02:53,635][INFO][main][IgniteKernal] Logger: JavaLogger [quiet=false, config=null]
[22:02:53,636][INFO][main][IgniteKernal] IGNITE_HOME=null
[22:02:53,636][INFO][main][IgniteKernal] VM arguments: [-Dfile.encoding=UTF-8, -Djava.util.logging.config.file=D:\RVIP3\ComputeNode\ComputeNode.Main\bin\Debug\net6.0\config\java.util.logging.properties]
[22:02:53,637][INFO][main][IgniteKernal] System cache's DataRegion size is configured to 40 MB. Use DataStorageConfiguration.systemRegionInitialSize property to change the setting.
[22:02:53,637][INFO][main][IgniteKernal] Configured caches [in 'sysMemPlc' dataRegion: ['ignite-sys-cache']]
[22:02:53,637][WARNING][main][IgniteKernal] Please set system property '-Djava.net.preferIPv4Stack=true' to avoid possible problems in mixed environments.
[22:02:53,715][INFO][main][IgnitePluginProcessor] Configured plugins:
[22:02:53,715][INFO][main][IgnitePluginProcessor]   ^-- None
[22:02:53,717][INFO][main][IgnitePluginProcessor] 
[22:02:53,721][INFO][main][FailureProcessor] Configured failure handler: [hnd=StopNodeOrHaltFailureHandler [tryStop=false, timeout=0, super=AbstractFailureHandler [ignoredFailureTypes=UnmodifiableSet [SYSTEM_WORKER_BLOCKED, SYSTEM_CRITICAL_OPERATION_TIMEOUT]]]]
[22:02:53,764][WARNING][pub-#37][GridDiagnostic] Initial heap size is 256MB (should be no less than 512MB, use -Xms512m -Xmx512m).
[22:02:53,976][INFO][main][TcpCommunicationSpi] Successfully bound communication NIO server to TCP port [port=47100, locHost=0.0.0.0/0.0.0.0, selectorsCnt=8, selectorSpins=0, pairedConn=false]
[22:02:53,976][WARNING][main][TcpCommunicationSpi] Message queue limit is set to 0 which may lead to potential OOMEs when running cache operations in FULL_ASYNC or PRIMARY_SYNC modes due to message queues growth on sender and receiver sides.
[22:02:58,768][INFO][main][GridCollisionManager] Collision resolution is disabled (all jobs will be activated upon arrival).
[22:02:58,989][INFO][main][TcpDiscoverySpi] Successfully bound to TCP port [port=48500, localHost=0.0.0.0/0.0.0.0, locNodeId=c10266ff-148e-402b-84d9-9c607e57b799]
[22:02:58,991][INFO][main][GridLocalConfigManager] Resolved page store work directory: D:\RVIP3\ComputeNode\ComputeNode.Main\bin\Debug\net6.0\ignite\work\db\0_0_0_0_0_0_0_1_127_0_0_1_172_26_208_1_192_168_1_107_192_168_56_1_48500
[22:02:59,028][INFO][main][IgniteCacheDatabaseSharedManager] Configured data regions initialized successfully [total=4]
[22:02:59,119][WARNING][main][IgniteH2Indexing] Serialization of Java objects in H2 was enabled.
[22:02:59,284][INFO][main][ClientListenerProcessor] Client connector processor has started on TCP port 10800
[22:02:59,338][INFO][main][GridTcpRestProtocol] Command protocol successfully started [name=TCP binary, host=0.0.0.0/0.0.0.0, port=11211]
[22:02:59,375][WARNING][main][PlatformProcessorImpl] Marshaller is automatically set to o.a.i.i.binary.BinaryMarshaller (other nodes must have the same marshaller type).
[22:02:59,891][INFO][main][IgniteKernal] Non-loopback local IPs: 172.26.208.1, 192.168.1.107, 192.168.56.1, fe80:0:0:0:2fc4:742b:963:c479%eth32, fe80:0:0:0:cb99:b7fb:603:b02f%eth4, fe80:0:0:0:d9c:8a79:3d93:6906%eth0, fe80:0:0:0:f276:cdb8:bca6:5171%wlan0
[22:02:59,891][INFO][main][IgniteKernal] Enabled local MACs: 00155DCC189B, 0A0027000006, 386B1C01CD02, B42E9985F73A
[22:02:59,897][INFO][main][ClusterProcessor] Cluster ID and tag has been read from metastorage: null
[22:02:59,902][INFO][main][IgniteClusterImpl] Shutdown policy was updated [oldVal=null, newVal=null]
[22:02:59,905][INFO][main][IgniteStatisticsManagerImpl] Statistics usage state was changed from null to null
